  glad.c
  main.cpp
D:\lypLibs\include\learnopengl\shader_m.h(56,40): warning C4101: “e”: 未引用的局部变量
D:\lypLibs\include\learnopengl\mesh.h(81,1): warning C4267: “参数”: 从“size_t”转换到“GLsizei”，可能丢失数据
D:\c_and_cpp\learn_opengl_projects\Hello_Cubemaps\main.cpp(223,28): warning C4244: “初始化”: 从“double”转换到“float”，可能丢失数据
D:\c_and_cpp\learn_opengl_projects\Hello_Cubemaps\main.cpp(316,17): warning C4244: “=”: 从“double”转换到“float”，可能丢失数据
D:\c_and_cpp\learn_opengl_projects\Hello_Cubemaps\main.cpp(317,17): warning C4244: “=”: 从“double”转换到“float”，可能丢失数据
D:\c_and_cpp\learn_opengl_projects\Hello_Cubemaps\main.cpp(321,19): warning C4244: “初始化”: 从“double”转换到“float”，可能丢失数据
D:\c_and_cpp\learn_opengl_projects\Hello_Cubemaps\main.cpp(322,19): warning C4244: “初始化”: 从“double”转换到“float”，可能丢失数据
D:\c_and_cpp\learn_opengl_projects\Hello_Cubemaps\main.cpp(324,13): warning C4244: “=”: 从“double”转换到“float”，可能丢失数据
D:\c_and_cpp\learn_opengl_projects\Hello_Cubemaps\main.cpp(325,13): warning C4244: “=”: 从“double”转换到“float”，可能丢失数据
D:\c_and_cpp\learn_opengl_projects\Hello_Cubemaps\main.cpp(334,31): warning C4244: “参数”: 从“double”转换到“float”，可能丢失数据
glfw3.lib(context.obj) : warning LNK4099: 未找到 PDB“glfw.pdb”(使用“glfw3.lib(context.obj)”或在“D:\c_and_cpp\learn_opengl_projects\Hello_Cubemaps\x64\Debug\glfw.pdb”中寻找)；正在链接对象，如同没有调试信息一样
glfw3.lib(init.obj) : warning LNK4099: 未找到 PDB“glfw.pdb”(使用“glfw3.lib(init.obj)”或在“D:\c_and_cpp\learn_opengl_projects\Hello_Cubemaps\x64\Debug\glfw.pdb”中寻找)；正在链接对象，如同没有调试信息一样
glfw3.lib(input.obj) : warning LNK4099: 未找到 PDB“glfw.pdb”(使用“glfw3.lib(input.obj)”或在“D:\c_and_cpp\learn_opengl_projects\Hello_Cubemaps\x64\Debug\glfw.pdb”中寻找)；正在链接对象，如同没有调试信息一样
glfw3.lib(monitor.obj) : warning LNK4099: 未找到 PDB“glfw.pdb”(使用“glfw3.lib(monitor.obj)”或在“D:\c_and_cpp\learn_opengl_projects\Hello_Cubemaps\x64\Debug\glfw.pdb”中寻找)；正在链接对象，如同没有调试信息一样
glfw3.lib(vulkan.obj) : warning LNK4099: 未找到 PDB“”(使用“glfw3.lib(vulkan.obj)”或在“”中寻找)；正在链接对象，如同没有调试信息一样
glfw3.lib(window.obj) : warning LNK4099: 未找到 PDB“glfw.pdb”(使用“glfw3.lib(window.obj)”或在“D:\c_and_cpp\learn_opengl_projects\Hello_Cubemaps\x64\Debug\glfw.pdb”中寻找)；正在链接对象，如同没有调试信息一样
glfw3.lib(win32_init.obj) : warning LNK4099: 未找到 PDB“glfw.pdb”(使用“glfw3.lib(win32_init.obj)”或在“D:\c_and_cpp\learn_opengl_projects\Hello_Cubemaps\x64\Debug\glfw.pdb”中寻找)；正在链接对象，如同没有调试信息一样
glfw3.lib(win32_joystick.obj) : warning LNK4099: 未找到 PDB“”(使用“glfw3.lib(win32_joystick.obj)”或在“”中寻找)；正在链接对象，如同没有调试信息一样
glfw3.lib(win32_monitor.obj) : warning LNK4099: 未找到 PDB“glfw.pdb”(使用“glfw3.lib(win32_monitor.obj)”或在“D:\c_and_cpp\learn_opengl_projects\Hello_Cubemaps\x64\Debug\glfw.pdb”中寻找)；正在链接对象，如同没有调试信息一样
glfw3.lib(win32_time.obj) : warning LNK4099: 未找到 PDB“glfw.pdb”(使用“glfw3.lib(win32_time.obj)”或在“D:\c_and_cpp\learn_opengl_projects\Hello_Cubemaps\x64\Debug\glfw.pdb”中寻找)；正在链接对象，如同没有调试信息一样
glfw3.lib(win32_thread.obj) : warning LNK4099: 未找到 PDB“”(使用“glfw3.lib(win32_thread.obj)”或在“”中寻找)；正在链接对象，如同没有调试信息一样
glfw3.lib(win32_window.obj) : warning LNK4099: 未找到 PDB“glfw.pdb”(使用“glfw3.lib(win32_window.obj)”或在“D:\c_and_cpp\learn_opengl_projects\Hello_Cubemaps\x64\Debug\glfw.pdb”中寻找)；正在链接对象，如同没有调试信息一样
glfw3.lib(wgl_context.obj) : warning LNK4099: 未找到 PDB“glfw.pdb”(使用“glfw3.lib(wgl_context.obj)”或在“D:\c_and_cpp\learn_opengl_projects\Hello_Cubemaps\x64\Debug\glfw.pdb”中寻找)；正在链接对象，如同没有调试信息一样
glfw3.lib(egl_context.obj) : warning LNK4099: 未找到 PDB“”(使用“glfw3.lib(egl_context.obj)”或在“”中寻找)；正在链接对象，如同没有调试信息一样
glfw3.lib(osmesa_context.obj) : warning LNK4099: 未找到 PDB“”(使用“glfw3.lib(osmesa_context.obj)”或在“”中寻找)；正在链接对象，如同没有调试信息一样
  Hello_Cubemaps.vcxproj -> D:\c_and_cpp\learn_opengl_projects\Hello_Cubemaps\x64\Debug\Hello_Cubemaps.exe
