  main.cpp
D:\lypLibs\include\learnopengl\shader_m.h(56,40): warning C4101: “e”: 未引用的局部变量
D:\c_and_cpp\learn_opengl_projects\Hello_Materials\main.cpp(162,28): warning C4244: “初始化”: 从“double”转换到“float”，可能丢失数据
D:\c_and_cpp\learn_opengl_projects\Hello_Materials\main.cpp(204,27): warning C4244: “=”: 从“double”转换到“T”，可能丢失数据
          with
          [
              T=float
          ]
D:\c_and_cpp\learn_opengl_projects\Hello_Materials\main.cpp(205,27): warning C4244: “=”: 从“double”转换到“T”，可能丢失数据
          with
          [
              T=float
          ]
D:\c_and_cpp\learn_opengl_projects\Hello_Materials\main.cpp(206,27): warning C4244: “=”: 从“double”转换到“T”，可能丢失数据
          with
          [
              T=float
          ]
D:\c_and_cpp\learn_opengl_projects\Hello_Materials\main.cpp(283,17): warning C4244: “=”: 从“double”转换到“float”，可能丢失数据
D:\c_and_cpp\learn_opengl_projects\Hello_Materials\main.cpp(284,17): warning C4244: “=”: 从“double”转换到“float”，可能丢失数据
D:\c_and_cpp\learn_opengl_projects\Hello_Materials\main.cpp(288,19): warning C4244: “初始化”: 从“double”转换到“float”，可能丢失数据
D:\c_and_cpp\learn_opengl_projects\Hello_Materials\main.cpp(289,19): warning C4244: “初始化”: 从“double”转换到“float”，可能丢失数据
D:\c_and_cpp\learn_opengl_projects\Hello_Materials\main.cpp(291,13): warning C4244: “=”: 从“double”转换到“float”，可能丢失数据
D:\c_and_cpp\learn_opengl_projects\Hello_Materials\main.cpp(292,13): warning C4244: “=”: 从“double”转换到“float”，可能丢失数据
D:\c_and_cpp\learn_opengl_projects\Hello_Materials\main.cpp(301,31): warning C4244: “参数”: 从“double”转换到“float”，可能丢失数据
LINK : warning LNK4098: 默认库“MSVCRTD”与其他库的使用冲突；请使用 /NODEFAULTLIB:library
  正在生成代码
  1 of 284 functions ( 0.4%) were compiled, the rest were copied from previous compilation.
    0 functions were new in current compilation
    3 functions had inline decision re-evaluated but remain unchanged
  已完成代码的生成
  Hello_Materials.vcxproj -> D:\c_and_cpp\learn_opengl_projects\Hello_Materials\x64\Release\Hello_Materials.exe
